[2025-09-23 10:03:42] INFO: Environment setup completed
[2025-09-23 10:03:42] INFO: ============================================================
[2025-09-23 10:03:42] INFO: üé∏ STARTING HURTROCK MUSIC STORE üé∏
[2025-09-23 10:03:42] INFO: ============================================================
[2025-09-23 10:03:42] INFO: Setting up Django chat service...
[2025-09-23 10:03:43] INFO: Django setup completed successfully
[2025-09-23 10:03:43] INFO: Starting Django chat service on port 8000...
[2025-09-23 10:03:44] INFO: Django service started successfully
[2025-09-23 10:03:44] INFO: Starting Flask main service on port 5000...
[OK] Database PostgreSQL berhasil dikonfigurasi dan tabel dibuat
Warning: STRIPE_SECRET_KEY not set, using placeholder for development
[OK] Flask database tables created
[INFO] Django chat service setup temporarily disabled
[OK] Admin user already exists: admin@hurtrock.com
[OK] Store profile already exists
[OK] Sample data created successfully
 * Serving Flask app 'main'
 * Debug mode: off
[2025-09-23 10:03:46] INFO: WARNING: This is a development server. Do not use it in a production deployment. Use a production WSGI server instead.
 * Running on all addresses (0.0.0.0)
 * Running on http://127.0.0.1:5000
 * Running on http://172.31.111.194:5000
[2025-09-23 10:03:46] INFO: Press CTRL+C to quit
[2025-09-23 10:03:47] INFO: Flask service started successfully
[2025-09-23 10:03:48] ERROR: Exception on / [GET]
Traceback (most recent call last):
  File "/home/runner/workspace/.pythonlibs/lib/python3.11/site-packages/sqlalchemy/engine/base.py", line 1967, in _exec_single_context
    self.dialect.do_execute(
  File "/home/runner/workspace/.pythonlibs/lib/python3.11/site-packages/sqlalchemy/engine/default.py", line 951, in do_execute
    cursor.execute(statement, parameters)
psycopg2.errors.UndefinedColumn: column products.minimum_stock does not exist
LINE 1: ...oducts_width, products.height AS products_height, products.m...
                                                             ^


The above exception was the direct cause of the following exception:

Traceback (most recent call last):
  File "/home/runner/workspace/.pythonlibs/lib/python3.11/site-packages/flask/app.py", line 1511, in wsgi_app
    response = self.full_dispatch_request()
               ^^^^^^^^^^^^^^^^^^^^^^^^^^^^
  File "/home/runner/workspace/.pythonlibs/lib/python3.11/site-packages/flask/app.py", line 919, in full_dispatch_request
    rv = self.handle_user_exception(e)
         ^^^^^^^^^^^^^^^^^^^^^^^^^^^^^
  File "/home/runner/workspace/.pythonlibs/lib/python3.11/site-packages/flask/app.py", line 917, in full_dispatch_request
    rv = self.dispatch_request()
         ^^^^^^^^^^^^^^^^^^^^^^^
  File "/home/runner/workspace/.pythonlibs/lib/python3.11/site-packages/flask/app.py", line 902, in dispatch_request
    return self.ensure_sync(self.view_functions[rule.endpoint])(**view_args)  # type: ignore[no-any-return]
           ^^^^^^^^^^^^^^^^^^^^^^^^^^^^^^^^^^^^^^^^^^^^^^^^^^^^^^^^^^^^^^^^^
  File "/home/runner/workspace/main.py", line 488, in index
    products = models.Product.query.filter_by(is_active=True).limit(8).all()
               ^^^^^^^^^^^^^^^^^^^^^^^^^^^^^^^^^^^^^^^^^^^^^^^^^^^^^^^^^^^^^
  File "/home/runner/workspace/.pythonlibs/lib/python3.11/site-packages/sqlalchemy/orm/query.py", line 2704, in all
    return self._iter().all()  # type: ignore
           ^^^^^^^^^^^^
  File "/home/runner/workspace/.pythonlibs/lib/python3.11/site-packages/sqlalchemy/orm/query.py", line 2857, in _iter
    result: Union[ScalarResult[_T], Result[_T]] = self.session.execute(
                                                  ^^^^^^^^^^^^^^^^^^^^^
  File "/home/runner/workspace/.pythonlibs/lib/python3.11/site-packages/sqlalchemy/orm/session.py", line 2365, in execute
    return self._execute_internal(
           ^^^^^^^^^^^^^^^^^^^^^^^
  File "/home/runner/workspace/.pythonlibs/lib/python3.11/site-packages/sqlalchemy/orm/session.py", line 2251, in _execute_internal
    result: Result[Any] = compile_state_cls.orm_execute_statement(
                          ^^^^^^^^^^^^^^^^^^^^^^^^^^^^^^^^^^^^^^^^
  File "/home/runner/workspace/.pythonlibs/lib/python3.11/site-packages/sqlalchemy/orm/context.py", line 306, in orm_execute_statement
    result = conn.execute(
             ^^^^^^^^^^^^^
  File "/home/runner/workspace/.pythonlibs/lib/python3.11/site-packages/sqlalchemy/engine/base.py", line 1419, in execute
    return meth(
           ^^^^^
  File "/home/runner/workspace/.pythonlibs/lib/python3.11/site-packages/sqlalchemy/sql/elements.py", line 526, in _execute_on_connection
    return connection._execute_clauseelement(
           ^^^^^^^^^^^^^^^^^^^^^^^^^^^^^^^^^^
  File "/home/runner/workspace/.pythonlibs/lib/python3.11/site-packages/sqlalchemy/engine/base.py", line 1641, in _execute_clauseelement
    ret = self._execute_context(
          ^^^^^^^^^^^^^^^^^^^^^^
  File "/home/runner/workspace/.pythonlibs/lib/python3.11/site-packages/sqlalchemy/engine/base.py", line 1846, in _execute_context
    return self._exec_single_context(
           ^^^^^^^^^^^^^^^^^^^^^^^^^^
  File "/home/runner/workspace/.pythonlibs/lib/python3.11/site-packages/sqlalchemy/engine/base.py", line 1986, in _exec_single_context
    self._handle_dbapi_exception(
  File "/home/runner/workspace/.pythonlibs/lib/python3.11/site-packages/sqlalchemy/engine/base.py", line 2355, in _handle_dbapi_exception
    raise sqlalchemy_exception.with_traceback(exc_info[2]) from e
  File "/home/runner/workspace/.pythonlibs/lib/python3.11/site-packages/sqlalchemy/engine/base.py", line 1967, in _exec_single_context
    self.dialect.do_execute(
  File "/home/runner/workspace/.pythonlibs/lib/python3.11/site-packages/sqlalchemy/engine/default.py", line 951, in do_execute
    cursor.execute(statement, parameters)
sqlalchemy.exc.ProgrammingError: (psycopg2.errors.UndefinedColumn) column products.minimum_stock does not exist
LINE 1: ...oducts_width, products.height AS products_height, products.m...
                                                             ^

[SQL: SELECT products.id AS products_id, products.name AS products_name, products.description AS products_description, products.price AS products_price, products.stock_quantity AS products_stock_quantity, products.image_url AS products_image_url, products.brand AS products_brand, products.model AS products_model, products.is_active AS products_is_active, products.is_featured AS products_is_featured, products.category_id AS products_category_id, products.created_at AS products_created_at, products.supplier_id AS products_supplier_id, products.weight AS products_weight, products.length AS products_length, products.width AS products_width, products.height AS products_height, products.minimum_stock AS products_minimum_stock, products.low_stock_threshold AS products_low_stock_threshold 
FROM products 
WHERE products.is_active = true 
 LIMIT %(param_1)s]
[parameters: {'param_1': 8}]
(Background on this error at: https://sqlalche.me/e/20/f405)
[2025-09-23 10:03:48] INFO: 172.31.111.194 - - [23/Sep/2025 10:03:48] "GET / HTTP/1.1" 500 -
[2025-09-23 10:03:48] INFO: 172.31.111.194 - - [23/Sep/2025 10:03:48] "GET /static/css/style.css HTTP/1.1" 304 -
[2025-09-23 10:03:48] INFO: 172.31.111.194 - - [23/Sep/2025 10:03:48] "GET /static/js/script.js HTTP/1.1" 304 -
[2025-09-23 10:03:49] INFO: 172.31.111.194 - - [23/Sep/2025 10:03:49] "GET /api/cart/count HTTP/1.1" 200 -
[2025-09-23 10:03:49] ERROR: Exception on / [GET]
Traceback (most recent call last):
  File "/home/runner/workspace/.pythonlibs/lib/python3.11/site-packages/sqlalchemy/engine/base.py", line 1967, in _exec_single_context
    self.dialect.do_execute(
  File "/home/runner/workspace/.pythonlibs/lib/python3.11/site-packages/sqlalchemy/engine/default.py", line 951, in do_execute
    cursor.execute(statement, parameters)
psycopg2.errors.UndefinedColumn: column products.minimum_stock does not exist
LINE 1: ...oducts_width, products.height AS products_height, products.m...
                                                             ^


The above exception was the direct cause of the following exception:

Traceback (most recent call last):
  File "/home/runner/workspace/.pythonlibs/lib/python3.11/site-packages/flask/app.py", line 1511, in wsgi_app
    response = self.full_dispatch_request()
               ^^^^^^^^^^^^^^^^^^^^^^^^^^^^
  File "/home/runner/workspace/.pythonlibs/lib/python3.11/site-packages/flask/app.py", line 919, in full_dispatch_request
    rv = self.handle_user_exception(e)
         ^^^^^^^^^^^^^^^^^^^^^^^^^^^^^
  File "/home/runner/workspace/.pythonlibs/lib/python3.11/site-packages/flask/app.py", line 917, in full_dispatch_request
    rv = self.dispatch_request()
         ^^^^^^^^^^^^^^^^^^^^^^^
  File "/home/runner/workspace/.pythonlibs/lib/python3.11/site-packages/flask/app.py", line 902, in dispatch_request
    return self.ensure_sync(self.view_functions[rule.endpoint])(**view_args)  # type: ignore[no-any-return]
           ^^^^^^^^^^^^^^^^^^^^^^^^^^^^^^^^^^^^^^^^^^^^^^^^^^^^^^^^^^^^^^^^^
  File "/home/runner/workspace/main.py", line 488, in index
    products = models.Product.query.filter_by(is_active=True).limit(8).all()
               ^^^^^^^^^^^^^^^^^^^^^^^^^^^^^^^^^^^^^^^^^^^^^^^^^^^^^^^^^^^^^
  File "/home/runner/workspace/.pythonlibs/lib/python3.11/site-packages/sqlalchemy/orm/query.py", line 2704, in all
    return self._iter().all()  # type: ignore
           ^^^^^^^^^^^^
  File "/home/runner/workspace/.pythonlibs/lib/python3.11/site-packages/sqlalchemy/orm/query.py", line 2857, in _iter
    result: Union[ScalarResult[_T], Result[_T]] = self.session.execute(
                                                  ^^^^^^^^^^^^^^^^^^^^^
  File "/home/runner/workspace/.pythonlibs/lib/python3.11/site-packages/sqlalchemy/orm/session.py", line 2365, in execute
    return self._execute_internal(
           ^^^^^^^^^^^^^^^^^^^^^^^
  File "/home/runner/workspace/.pythonlibs/lib/python3.11/site-packages/sqlalchemy/orm/session.py", line 2251, in _execute_internal
    result: Result[Any] = compile_state_cls.orm_execute_statement(
                          ^^^^^^^^^^^^^^^^^^^^^^^^^^^^^^^^^^^^^^^^
  File "/home/runner/workspace/.pythonlibs/lib/python3.11/site-packages/sqlalchemy/orm/context.py", line 306, in orm_execute_statement
    result = conn.execute(
             ^^^^^^^^^^^^^
  File "/home/runner/workspace/.pythonlibs/lib/python3.11/site-packages/sqlalchemy/engine/base.py", line 1419, in execute
    return meth(
           ^^^^^
  File "/home/runner/workspace/.pythonlibs/lib/python3.11/site-packages/sqlalchemy/sql/elements.py", line 526, in _execute_on_connection
    return connection._execute_clauseelement(
           ^^^^^^^^^^^^^^^^^^^^^^^^^^^^^^^^^^
  File "/home/runner/workspace/.pythonlibs/lib/python3.11/site-packages/sqlalchemy/engine/base.py", line 1641, in _execute_clauseelement
    ret = self._execute_context(
          ^^^^^^^^^^^^^^^^^^^^^^
  File "/home/runner/workspace/.pythonlibs/lib/python3.11/site-packages/sqlalchemy/engine/base.py", line 1846, in _execute_context
    return self._exec_single_context(
           ^^^^^^^^^^^^^^^^^^^^^^^^^^
  File "/home/runner/workspace/.pythonlibs/lib/python3.11/site-packages/sqlalchemy/engine/base.py", line 1986, in _exec_single_context
    self._handle_dbapi_exception(
  File "/home/runner/workspace/.pythonlibs/lib/python3.11/site-packages/sqlalchemy/engine/base.py", line 2355, in _handle_dbapi_exception
    raise sqlalchemy_exception.with_traceback(exc_info[2]) from e
  File "/home/runner/workspace/.pythonlibs/lib/python3.11/site-packages/sqlalchemy/engine/base.py", line 1967, in _exec_single_context
    self.dialect.do_execute(
  File "/home/runner/workspace/.pythonlibs/lib/python3.11/site-packages/sqlalchemy/engine/default.py", line 951, in do_execute
    cursor.execute(statement, parameters)
sqlalchemy.exc.ProgrammingError: (psycopg2.errors.UndefinedColumn) column products.minimum_stock does not exist
LINE 1: ...oducts_width, products.height AS products_height, products.m...
                                                             ^

[SQL: SELECT products.id AS products_id, products.name AS products_name, products.description AS products_description, products.price AS products_price, products.stock_quantity AS products_stock_quantity, products.image_url AS products_image_url, products.brand AS products_brand, products.model AS products_model, products.is_active AS products_is_active, products.is_featured AS products_is_featured, products.category_id AS products_category_id, products.created_at AS products_created_at, products.supplier_id AS products_supplier_id, products.weight AS products_weight, products.length AS products_length, products.width AS products_width, products.height AS products_height, products.minimum_stock AS products_minimum_stock, products.low_stock_threshold AS products_low_stock_threshold 
FROM products 
WHERE products.is_active = true 
 LIMIT %(param_1)s]
[parameters: {'param_1': 8}]
(Background on this error at: https://sqlalche.me/e/20/f405)
[2025-09-23 10:03:49] INFO: 172.31.111.194 - - [23/Sep/2025 10:03:49] "GET / HTTP/1.1" 500 -
[2025-09-23 10:03:49] INFO: 172.31.111.194 - - [23/Sep/2025 10:03:49] "GET /static/css/style.css HTTP/1.1" 304 -
[2025-09-23 10:03:50] INFO: 172.31.111.194 - - [23/Sep/2025 10:03:50] "GET /static/js/script.js HTTP/1.1" 304 -
[2025-09-23 10:03:50] INFO: Testing services...
[2025-09-23 10:03:50] ERROR: Exception on / [GET]
Traceback (most recent call last):
  File "/home/runner/workspace/.pythonlibs/lib/python3.11/site-packages/sqlalchemy/engine/base.py", line 1967, in _exec_single_context
    self.dialect.do_execute(
  File "/home/runner/workspace/.pythonlibs/lib/python3.11/site-packages/sqlalchemy/engine/default.py", line 951, in do_execute
    cursor.execute(statement, parameters)
psycopg2.errors.UndefinedColumn: column products.minimum_stock does not exist
LINE 1: ...oducts_width, products.height AS products_height, products.m...
                                                             ^


The above exception was the direct cause of the following exception:

Traceback (most recent call last):
  File "/home/runner/workspace/.pythonlibs/lib/python3.11/site-packages/flask/app.py", line 1511, in wsgi_app
    response = self.full_dispatch_request()
               ^^^^^^^^^^^^^^^^^^^^^^^^^^^^
  File "/home/runner/workspace/.pythonlibs/lib/python3.11/site-packages/flask/app.py", line 919, in full_dispatch_request
    rv = self.handle_user_exception(e)
         ^^^^^^^^^^^^^^^^^^^^^^^^^^^^^
  File "/home/runner/workspace/.pythonlibs/lib/python3.11/site-packages/flask/app.py", line 917, in full_dispatch_request
    rv = self.dispatch_request()
         ^^^^^^^^^^^^^^^^^^^^^^^
  File "/home/runner/workspace/.pythonlibs/lib/python3.11/site-packages/flask/app.py", line 902, in dispatch_request
    return self.ensure_sync(self.view_functions[rule.endpoint])(**view_args)  # type: ignore[no-any-return]
           ^^^^^^^^^^^^^^^^^^^^^^^^^^^^^^^^^^^^^^^^^^^^^^^^^^^^^^^^^^^^^^^^^
  File "/home/runner/workspace/main.py", line 488, in index
    products = models.Product.query.filter_by(is_active=True).limit(8).all()
               ^^^^^^^^^^^^^^^^^^^^^^^^^^^^^^^^^^^^^^^^^^^^^^^^^^^^^^^^^^^^^
  File "/home/runner/workspace/.pythonlibs/lib/python3.11/site-packages/sqlalchemy/orm/query.py", line 2704, in all
    return self._iter().all()  # type: ignore
           ^^^^^^^^^^^^
  File "/home/runner/workspace/.pythonlibs/lib/python3.11/site-packages/sqlalchemy/orm/query.py", line 2857, in _iter
    result: Union[ScalarResult[_T], Result[_T]] = self.session.execute(
                                                  ^^^^^^^^^^^^^^^^^^^^^
  File "/home/runner/workspace/.pythonlibs/lib/python3.11/site-packages/sqlalchemy/orm/session.py", line 2365, in execute
    return self._execute_internal(
           ^^^^^^^^^^^^^^^^^^^^^^^
  File "/home/runner/workspace/.pythonlibs/lib/python3.11/site-packages/sqlalchemy/orm/session.py", line 2251, in _execute_internal
    result: Result[Any] = compile_state_cls.orm_execute_statement(
                          ^^^^^^^^^^^^^^^^^^^^^^^^^^^^^^^^^^^^^^^^
  File "/home/runner/workspace/.pythonlibs/lib/python3.11/site-packages/sqlalchemy/orm/context.py", line 306, in orm_execute_statement
    result = conn.execute(
             ^^^^^^^^^^^^^
  File "/home/runner/workspace/.pythonlibs/lib/python3.11/site-packages/sqlalchemy/engine/base.py", line 1419, in execute
    return meth(
           ^^^^^
  File "/home/runner/workspace/.pythonlibs/lib/python3.11/site-packages/sqlalchemy/sql/elements.py", line 526, in _execute_on_connection
    return connection._execute_clauseelement(
           ^^^^^^^^^^^^^^^^^^^^^^^^^^^^^^^^^^
  File "/home/runner/workspace/.pythonlibs/lib/python3.11/site-packages/sqlalchemy/engine/base.py", line 1641, in _execute_clauseelement
    ret = self._execute_context(
          ^^^^^^^^^^^^^^^^^^^^^^
  File "/home/runner/workspace/.pythonlibs/lib/python3.11/site-packages/sqlalchemy/engine/base.py", line 1846, in _execute_context
    return self._exec_single_context(
           ^^^^^^^^^^^^^^^^^^^^^^^^^^
  File "/home/runner/workspace/.pythonlibs/lib/python3.11/site-packages/sqlalchemy/engine/base.py", line 1986, in _exec_single_context
    self._handle_dbapi_exception(
  File "/home/runner/workspace/.pythonlibs/lib/python3.11/site-packages/sqlalchemy/engine/base.py", line 2355, in _handle_dbapi_exception
    raise sqlalchemy_exception.with_traceback(exc_info[2]) from e
  File "/home/runner/workspace/.pythonlibs/lib/python3.11/site-packages/sqlalchemy/engine/base.py", line 1967, in _exec_single_context
    self.dialect.do_execute(
  File "/home/runner/workspace/.pythonlibs/lib/python3.11/site-packages/sqlalchemy/engine/default.py", line 951, in do_execute
    cursor.execute(statement, parameters)
sqlalchemy.exc.ProgrammingError: (psycopg2.errors.UndefinedColumn) column products.minimum_stock does not exist
LINE 1: ...oducts_width, products.height AS products_height, products.m...
                                                             ^

[SQL: SELECT products.id AS products_id, products.name AS products_name, products.description AS products_description, products.price AS products_price, products.stock_quantity AS products_stock_quantity, products.image_url AS products_image_url, products.brand AS products_brand, products.model AS products_model, products.is_active AS products_is_active, products.is_featured AS products_is_featured, products.category_id AS products_category_id, products.created_at AS products_created_at, products.supplier_id AS products_supplier_id, products.weight AS products_weight, products.length AS products_length, products.width AS products_width, products.height AS products_height, products.minimum_stock AS products_minimum_stock, products.low_stock_threshold AS products_low_stock_threshold 
FROM products 
WHERE products.is_active = true 
 LIMIT %(param_1)s]
[parameters: {'param_1': 8}]
(Background on this error at: https://sqlalche.me/e/20/f405)
[2025-09-23 10:03:50] INFO: 127.0.0.1 - - [23/Sep/2025 10:03:50] "GET / HTTP/1.1" 500 -
[2025-09-23 10:03:50] WARNING: ‚úó Flask service returned 500
[2025-09-23 10:03:50] INFO: ‚úì Django service is responding
[2025-09-23 10:03:50] WARNING: ‚ö† Some services may have issues
[2025-09-23 10:03:50] INFO: 
[2025-09-23 10:03:50] INFO: üéµ HURTROCK MUSIC STORE SERVICES STARTED üéµ
[2025-09-23 10:03:50] INFO: ============================================================
[2025-09-23 10:03:50] INFO: üì± Main Store (Flask):     http://0.0.0.0:5000
[2025-09-23 10:03:50] INFO: üí¨ Chat Service (Django):  http://0.0.0.0:8000
[2025-09-23 10:03:50] INFO: üë®‚Äçüíº Admin Panel:            http://0.0.0.0:5000/admin
[2025-09-23 10:03:50] INFO: üí¨ Chat Interface:          http://0.0.0.0:5000/admin/chat
[2025-09-23 10:03:50] INFO: 
[2025-09-23 10:03:50] INFO: üîë Default Admin Login:
[2025-09-23 10:03:50] INFO:    Email: admin@hurtrock.com
[2025-09-23 10:03:50] INFO:    Password: admin123
[2025-09-23 10:03:50] INFO: 
[2025-09-23 10:03:50] INFO: üì± Mobile App Chat API:    http://0.0.0.0:8000/api/
[2025-09-23 10:03:50] INFO: üåê WebSocket Chat:          ws://0.0.0.0:8000/ws/chat/
[2025-09-23 10:03:50] INFO: ============================================================
[2025-09-23 10:03:50] INFO: üé∏ Press Ctrl+C to stop all services
[2025-09-23 10:03:50] INFO: ============================================================
[2025-09-23 10:03:50] INFO: 172.31.111.194 - - [23/Sep/2025 10:03:50] "GET /api/cart/count HTTP/1.1" 200 -